<?xml version="1.0" encoding="UTF-8"?>
<!-- Generated by org.testng.reporters.JUnitReportReporter -->
<testsuite hostname="LAPTOP-JL84H6HT" failures="0" tests="1" name="com.benthonLabs.BenthonLabsApplication.Website_OpenOn_Browser" time="12.831" errors="0" timestamp="2023-02-01T17:59:36 IST" skipped="0">
  <testcase classname="com.benthonLabs.BenthonLabsApplication.Website_OpenOn_Browser" name="Verify_Website_Open" time="12.831"/>
  <system-out/>
</testsuite> <!-- com.benthonLabs.BenthonLabsApplication.Website_OpenOn_Browser -->
