<?xml version="1.0" encoding="UTF-8"?>
<!-- Generated by org.testng.reporters.JUnitReportReporter -->
<testsuite hostname="LAPTOP-JL84H6HT" failures="0" tests="2" name="com.benthonLabs.BenthonLabsApplication.Home_Pages" time="3.491" errors="0" timestamp="2023-01-13T17:21:18 IST" skipped="0">
  <testcase classname="com.benthonLabs.BenthonLabsApplication.Home_Pages" name="HomePage_Open" time="3.462"/>
  <system-out/>
  <testcase classname="com.benthonLabs.BenthonLabsApplication.Home_Pages" name="Homebanaer_TitleDescription" time="0.029"/>
  <system-out/>
</testsuite> <!-- com.benthonLabs.BenthonLabsApplication.Home_Pages -->
