<?xml version="1.0" encoding="UTF-8"?>
<!-- Generated by org.testng.reporters.JUnitReportReporter -->
<testsuite hostname="LAPTOP-JL84H6HT" failures="0" tests="1" name="com.benthonLabs.BenthonLabsApplication.Browser_Open_With_Website_URL" time="11.790" errors="0" timestamp="2023-02-01T13:32:53 IST" skipped="0">
  <testcase classname="com.benthonLabs.BenthonLabsApplication.Browser_Open_With_Website_URL" name="Verify_Website_Open" time="11.790"/>
  <system-out/>
</testsuite> <!-- com.benthonLabs.BenthonLabsApplication.Browser_Open_With_Website_URL -->
