<?xml version="1.0" encoding="UTF-8"?>
<!-- Generated by org.testng.reporters.JUnitReportReporter -->
<testsuite hostname="LAPTOP-JL84H6HT" failures="0" tests="4" name="BenthonLabsPages.Start_Your_Project" time="13.316" errors="0" timestamp="2023-02-08T15:21:58 IST" skipped="0">
  <testcase classname="BenthonLabsPages.Start_Your_Project" name="Verify_Start_Your_Project_Page" time="2.949"/>
  <system-out/>
  <testcase classname="BenthonLabsPages.Start_Your_Project" name="Verify_Start_Your_project_Form" time="3.366"/>
  <system-out/>
  <testcase classname="BenthonLabsPages.Start_Your_Project" name="Verify_With_InvalidValue" time="3.638"/>
  <system-out/>
  <testcase classname="BenthonLabsPages.Start_Your_Project" name="Verify_Project_Form_With_EmptyData" time="3.363"/>
  <system-out/>
</testsuite> <!-- BenthonLabsPages.Start_Your_Project -->
