<?xml version="1.0" encoding="UTF-8"?>
<!-- Generated by org.testng.reporters.JUnitReportReporter -->
<testsuite hostname="LAPTOP-JL84H6HT" failures="0" tests="7" name="com.benthonLabs.BenthonLabsApplication.Home_Pages" time="8.552" errors="0" timestamp="2023-01-21T17:31:12 IST" skipped="5">
  <testcase classname="com.benthonLabs.BenthonLabsApplication.Home_Pages" name="HomePage_Open" time="5.766"/>
  <system-out/>
  <testcase classname="com.benthonLabs.BenthonLabsApplication.Home_Pages" name="Success_Client" time="2.786"/>
  <system-out/>
  <testcase classname="com.benthonLabs.BenthonLabsApplication.Home_Pages" name="VerifyAllLinkActive">
    <skipped/>
  </testcase> <!-- VerifyAllLinkActive -->
  <system-out/>
  <testcase classname="com.benthonLabs.BenthonLabsApplication.Home_Pages" name="EXTENSIVE_EXPERTISE_H2">
    <skipped/>
  </testcase> <!-- EXTENSIVE_EXPERTISE_H2 -->
  <system-out/>
  <testcase classname="com.benthonLabs.BenthonLabsApplication.Home_Pages" name="Homebanaer_TitleDescription">
    <skipped/>
  </testcase> <!-- Homebanaer_TitleDescription -->
  <system-out/>
  <testcase classname="com.benthonLabs.BenthonLabsApplication.Home_Pages" name="Verifybannerbelowsection">
    <skipped/>
  </testcase> <!-- Verifybannerbelowsection -->
  <system-out/>
  <testcase classname="com.benthonLabs.BenthonLabsApplication.Home_Pages" name="VerifyALLImages">
    <skipped/>
  </testcase> <!-- VerifyALLImages -->
  <system-out/>
</testsuite> <!-- com.benthonLabs.BenthonLabsApplication.Home_Pages -->
